<?xml version="1.0" encoding="UTF-8"?>
<!-- Generated by org.testng.reporters.JUnitReportReporter -->
<testsuite hostname="RAHUL" failures="0" tests="5" name="testCases.TC003_LoginDDT" time="57.139" errors="0" timestamp="2024-09-26T13:23:43 IST" skipped="0">
  <testcase classname="testCases.TC003_LoginDDT" name="verify_LoginDDT" time="15.178"/>
  <testcase classname="testCases.TC003_LoginDDT" name="verify_LoginDDT" time="15.259"/>
  <testcase classname="testCases.TC003_LoginDDT" name="verify_LoginDDT" time="5.619"/>
  <testcase classname="testCases.TC003_LoginDDT" name="verify_LoginDDT" time="15.215"/>
  <testcase classname="testCases.TC003_LoginDDT" name="verify_LoginDDT" time="5.868"/>
</testsuite> <!-- testCases.TC003_LoginDDT -->
