<?xml version="1.0" encoding="UTF-8"?>
<!-- Generated by org.testng.reporters.JUnitReportReporter -->
<testsuite hostname="RAHUL" failures="0" tests="1" name="testCases.TC001_AccountRegistrationTest" time="4.978" errors="0" timestamp="2024-09-26T17:07:16 IST" skipped="0">
  <testcase classname="testCases.TC001_AccountRegistrationTest" name="verify_account_registration" time="4.978"/>
</testsuite> <!-- testCases.TC001_AccountRegistrationTest -->
