<?xml version="1.0" encoding="UTF-8"?>
<!-- Generated by org.testng.reporters.JUnitReportReporter -->
<testsuite hostname="RAHUL" failures="0" tests="5" name="testCases.TC003_LoginDDT" time="56.069" errors="0" timestamp="2024-09-26T17:07:16 IST" skipped="0">
  <testcase classname="testCases.TC003_LoginDDT" name="verify_LoginDDT" time="5.474"/>
  <testcase classname="testCases.TC003_LoginDDT" name="verify_LoginDDT" time="15.132"/>
  <testcase classname="testCases.TC003_LoginDDT" name="verify_LoginDDT" time="15.087"/>
  <testcase classname="testCases.TC003_LoginDDT" name="verify_LoginDDT" time="14.994"/>
  <testcase classname="testCases.TC003_LoginDDT" name="verify_LoginDDT" time="5.382"/>
</testsuite> <!-- testCases.TC003_LoginDDT -->
